e:\persionaldata\github\company\xy-annotation-new\build\obj\jsonmanager.obj
e:\persionaldata\github\company\xy-annotation-new\build\obj\labeldialog.obj
e:\persionaldata\github\company\xy-annotation-new\build\obj\imageadj.obj
e:\persionaldata\github\company\xy-annotation-new\build\obj\filemanager.obj
e:\persionaldata\github\company\xy-annotation-new\build\obj\ycommon.obj
e:\persionaldata\github\company\xy-annotation-new\build\obj\qtrcloader.obj
e:\persionaldata\github\company\xy-annotation-new\build\obj\customlistwidget.obj
e:\persionaldata\github\company\xy-annotation-new\build\obj\canvas2d.obj
e:\persionaldata\github\company\xy-annotation-new\build\obj\ylog.obj
e:\persionaldata\github\company\xy-annotation-new\build\obj\hstring.obj
e:\persionaldata\github\company\xy-annotation-new\build\obj\commands.obj
e:\persionaldata\github\company\xy-annotation-new\build\obj\iniparser.obj
e:\persionaldata\github\company\xy-annotation-new\build\obj\shape.obj
e:\persionaldata\github\company\xy-annotation-new\build\obj\yrectangle.obj
e:\persionaldata\github\company\xy-annotation-new\build\obj\ydockwidget.obj
e:\persionaldata\github\company\xy-annotation-new\build\obj\labelmanager.obj
e:\persionaldata\github\company\xy-annotation-new\build\obj\main.obj
e:\persionaldata\github\company\xy-annotation-new\build\obj\canvasview.obj
e:\persionaldata\github\company\xy-annotation-new\build\obj\window.obj
e:\persionaldata\github\company\xy-annotation-new\build\obj\ypolygon.obj
e:\persionaldata\github\company\xy-annotation-new\build\obj\canvasbase.obj
e:\persionaldata\github\company\xy-annotation-new\build\obj\vc140.pdb
e:\persionaldata\github\company\xy-annotation-new\build\obj\hversion.obj
e:\persionaldata\github\company\xy-annotation-new\build\obj\herr.obj
e:\persionaldata\github\company\xy-annotation-new\build\obj\hlog.obj
e:\persionaldata\github\company\xy-annotation-new\build\obj\hbase.obj
e:\persionaldata\github\company\xy-annotation-new\build\obj\htime.obj
e:\persionaldata\github\company\xy-annotation-new\build\obj\qrc_image.obj
e:\persionaldata\github\company\xy-annotation-new\build\obj\qrc_lightstyle.obj
e:\persionaldata\github\company\xy-annotation-new\build\obj\qrc_darkstyle.obj
e:\persionaldata\github\company\xy-annotation-new\build\obj\moc_labeldialog.obj
e:\persionaldata\github\company\xy-annotation-new\build\obj\moc_labelmanager.obj
e:\persionaldata\github\company\xy-annotation-new\build\obj\moc_imageadj.obj
e:\persionaldata\github\company\xy-annotation-new\build\obj\moc_shape.obj
e:\persionaldata\github\company\xy-annotation-new\build\obj\moc_window.obj
e:\persionaldata\github\company\xy-annotation-new\build\obj\moc_filemanager.obj
e:\persionaldata\github\company\xy-annotation-new\build\obj\moc_ydockwidget.obj
e:\persionaldata\github\company\xy-annotation-new\build\obj\moc_canvasview.obj
e:\persionaldata\github\company\xy-annotation-new\build\obj\moc_canvasbase.obj
e:\persionaldata\github\company\xy-annotation-new\build\moc\moc_predefs.h
e:\persionaldata\github\company\xy-annotation-new\bin\msvc2015_x64\xy-annotation.ilk
e:\persionaldata\github\company\xy-annotation-new\bin\msvc2015_x64\xy-annotation.exe
e:\persionaldata\github\company\xy-annotation-new\bin\msvc2015_x64\xy-annotation.pdb
e:\persionaldata\github\company\xy-annotation-new\build\moc\moc_imageadj.cpp
e:\persionaldata\github\company\xy-annotation-new\build\moc\moc_canvasbase.cpp
e:\persionaldata\github\company\xy-annotation-new\build\moc\moc_canvasview.cpp
e:\persionaldata\github\company\xy-annotation-new\build\moc\moc_filemanager.cpp
e:\persionaldata\github\company\xy-annotation-new\build\moc\moc_labeldialog.cpp
e:\persionaldata\github\company\xy-annotation-new\build\moc\moc_labelmanager.cpp
e:\persionaldata\github\company\xy-annotation-new\build\moc\moc_shape.cpp
e:\persionaldata\github\company\xy-annotation-new\build\moc\moc_window.cpp
e:\persionaldata\github\company\xy-annotation-new\build\moc\moc_ydockwidget.cpp
e:\persionaldata\github\company\xy-annotation-new\build\obj\resource.res
e:\persionaldata\github\company\xy-annotation-new\build\rcc\qrc_darkstyle.cpp
e:\persionaldata\github\company\xy-annotation-new\build\rcc\qrc_image.cpp
e:\persionaldata\github\company\xy-annotation-new\build\rcc\qrc_lightstyle.cpp
e:\persionaldata\github\company\xy-annotation-new\build\obj\xy-annotation.tlog\cl.10220.write.1.tlog
e:\persionaldata\github\company\xy-annotation-new\build\obj\xy-annotation.tlog\cl.command.1.tlog
e:\persionaldata\github\company\xy-annotation-new\build\obj\xy-annotation.tlog\cl.read.1.tlog
e:\persionaldata\github\company\xy-annotation-new\build\obj\xy-annotation.tlog\custombuild.command.1.tlog
e:\persionaldata\github\company\xy-annotation-new\build\obj\xy-annotation.tlog\custombuild.read.1.tlog
e:\persionaldata\github\company\xy-annotation-new\build\obj\xy-annotation.tlog\custombuild.write.1.tlog
e:\persionaldata\github\company\xy-annotation-new\build\obj\xy-annotation.tlog\link.command.1.tlog
e:\persionaldata\github\company\xy-annotation-new\build\obj\xy-annotation.tlog\link.read.1.tlog
e:\persionaldata\github\company\xy-annotation-new\build\obj\xy-annotation.tlog\link.write.1.tlog
e:\persionaldata\github\company\xy-annotation-new\build\obj\xy-annotation.tlog\moc.read.1u.tlog
e:\persionaldata\github\company\xy-annotation-new\build\obj\xy-annotation.tlog\moc.write.1u.tlog
e:\persionaldata\github\company\xy-annotation-new\build\obj\xy-annotation.tlog\rc.command.1.tlog
e:\persionaldata\github\company\xy-annotation-new\build\obj\xy-annotation.tlog\rc.read.1.tlog
e:\persionaldata\github\company\xy-annotation-new\build\obj\xy-annotation.tlog\rc.write.1.tlog
e:\persionaldata\github\company\xy-annotation-new\build\obj\xy-annotation.tlog\rcc.read.1u.tlog
e:\persionaldata\github\company\xy-annotation-new\build\obj\xy-annotation.tlog\rcc.write.1u.tlog
e:\persionaldata\github\company\xy-annotation-new\build\obj\xy-annotation.tlog\xy-annotation.write.1u.tlog
